autoscan: warning: missing AC_CHECK_DECLS([sys_siglist]) wanted by: 
	libiberty/strsignal.c:242
	libiberty/strsignal.c:253
	libiberty/strsignal.c:327
	libiberty/strsignal.c:330
	libiberty/strsignal.c:332
	libiberty/strsignal.c:336
	libiberty/strsignal.c:427
	libiberty/strsignal.c:427
	libiberty/strsignal.c:438
	libiberty/strsignal.c:566
autoscan: warning: missing AC_CHECK_FUNCS([atexit]) wanted by: 
	libiberty/atexit.c:19
autoscan: warning: missing AC_CHECK_FUNCS([btowc]) wanted by: 
	libiberty/regex.c:3241
autoscan: warning: missing AC_CHECK_FUNCS([bzero]) wanted by: 
	libiberty/calloc.c:20
	libiberty/calloc.c:31
	libiberty/bzero.c:20
	libiberty/regex.c:284
	libiberty/regex.c:3124
	libiberty/regex.c:4582
autoscan: warning: missing AC_CHECK_FUNCS([dup2]) wanted by: 
	libiberty/pex-unix.c:393
	libiberty/pex-unix.c:400
	libiberty/pex-unix.c:407
	libiberty/pex-unix.c:419
	libiberty/pex-djgpp.c:137
	libiberty/pex-djgpp.c:160
	libiberty/pex-djgpp.c:184
	libiberty/pex-djgpp.c:217
	libiberty/pex-djgpp.c:233
	libiberty/pex-djgpp.c:250
autoscan: warning: missing AC_CHECK_FUNCS([getcwd]) wanted by: 
	libiberty/getcwd.c:41
	libiberty/getpwd.c:87
	libiberty/getpwd.c:120
autoscan: warning: missing AC_CHECK_FUNCS([getpagesize]) wanted by: 
	libiberty/getpagesize.c:64
	libiberty/getpagesize.c:79
	libiberty/testsuite/test-demangle.c:105
autoscan: warning: missing AC_CHECK_FUNCS([gettimeofday]) wanted by: 
	libiberty/mkstemps.c:102
	libiberty/gettimeofday.c:22
	include/libiberty.h:191
autoscan: warning: missing AC_CHECK_FUNCS([memchr]) wanted by: 
	libiberty/memchr.c:21
autoscan: warning: missing AC_CHECK_FUNCS([memmove]) wanted by: 
	libiberty/memmove.c:21
	libiberty/argv.c:444
	src/vec.h:631
	src/vec.h:646
	src/vec.h:673
	src/vec.h:918
	src/vec.h:932
	src/vec.h:950
autoscan: warning: missing AC_CHECK_FUNCS([mempcpy]) wanted by: 
	libiberty/getopt.c:342
	libiberty/getopt.c:452
	libiberty/regex.c:8089
	libiberty/mempcpy.c:38
autoscan: warning: missing AC_CHECK_FUNCS([memset]) wanted by: 
	libiberty/strerror.c:39
	libiberty/strerror.c:533
	libiberty/strerror.c:551
	libiberty/partition.c:150
	libiberty/cplus-dem.c:646
	libiberty/cplus-dem.c:854
	libiberty/cplus-dem.c:2502
	libiberty/bzero.c:17
	libiberty/bzero.c:22
	libiberty/floatformat.c:599
	libiberty/sort.c:100
	libiberty/pex-common.c:557
	libiberty/pex-common.c:585
	libiberty/fibheap.c:360
	libiberty/pex-win32.c:806
	libiberty/pex-win32.c:852
	libiberty/pex-msdos.c:296
	libiberty/getopt.c:342
	libiberty/getopt.c:452
	libiberty/regex.c:1265
	libiberty/regex.c:4530
	libiberty/strsignal.c:35
	libiberty/strsignal.c:314
	libiberty/strsignal.c:332
	libiberty/hashtab.c:443
	libiberty/pex-unix.c:127
	libiberty/pex-unix.c:219
	libiberty/memset.c:19
	libiberty/pex-djgpp.c:288
	libiberty/testsuite/test-pexecute.c:243
	src/vec.h:782
	src/vec.h:1068
	src/vec.h:1171
autoscan: warning: missing AC_CHECK_FUNCS([munmap]) wanted by: 
	libiberty/testsuite/test-demangle.c:122
autoscan: warning: missing AC_CHECK_FUNCS([pathconf]) wanted by: 
	libiberty/lrealpath.c:115
autoscan: warning: missing AC_CHECK_FUNCS([pstat_getdynamic]) wanted by: 
	libiberty/physmem.c:203
autoscan: warning: missing AC_CHECK_FUNCS([putenv]) wanted by: 
	libiberty/putenv.c:70
autoscan: warning: missing AC_CHECK_FUNCS([re_comp]) wanted by: 
	libiberty/regex.c:7812
autoscan: warning: missing AC_CHECK_FUNCS([realpath]) wanted by: 
	libiberty/lrealpath.c:85
	libiberty/lrealpath.c:123
autoscan: warning: missing AC_CHECK_FUNCS([regcomp]) wanted by: 
	libiberty/regex.c:7909
autoscan: warning: missing AC_CHECK_FUNCS([setenv]) wanted by: 
	libiberty/putenv.c:79
	libiberty/setenv.c:83
autoscan: warning: missing AC_CHECK_FUNCS([stpcpy]) wanted by: 
	libiberty/stpcpy.c:39
	libiberty/pex-win32.c:64
	libiberty/pex-win32.c:586
autoscan: warning: missing AC_CHECK_FUNCS([strcasecmp]) wanted by: 
	libiberty/strcasecmp.c:72
	libiberty/pex-win32.c:225
	libiberty/pex-win32.c:230
autoscan: warning: missing AC_CHECK_FUNCS([strchr]) wanted by: 
	libiberty/strchr.c:19
	libiberty/index.c:15
	libiberty/index.c:20
	libiberty/putenv.c:72
	libiberty/cplus-dem.c:706
	libiberty/cplus-dem.c:745
	libiberty/cplus-dem.c:2214
	libiberty/cplus-dem.c:2356
	libiberty/cplus-dem.c:2599
	libiberty/cplus-dem.c:2641
	libiberty/cplus-dem.c:2796
	libiberty/cplus-dem.c:2810
	libiberty/cplus-dem.c:2873
	libiberty/cplus-dem.c:2898
	libiberty/cplus-dem.c:4478
	libiberty/cplus-dem.c:4515
	libiberty/_doprnt.c:95
	libiberty/_doprnt.c:113
	libiberty/vasprintf.c:82
	libiberty/vasprintf.c:102
	libiberty/pex-win32.c:75
	libiberty/pex-win32.c:155
	libiberty/pex-win32.c:426
	libiberty/pex-win32.c:426
	libiberty/pex-win32.c:662
	libiberty/pex-win32.c:694
	libiberty/strstr.c:25
	libiberty/strstr.c:35
autoscan: warning: missing AC_CHECK_FUNCS([strcspn]) wanted by: 
	libiberty/cplus-dem.c:2848
	libiberty/testsuite/test-demangle.c:238
	libiberty/testsuite/test-demangle.c:248
autoscan: warning: missing AC_CHECK_FUNCS([strdup]) wanted by: 
	libiberty/make-relative-prefix.c:298
	libiberty/argv.c:271
	libiberty/strdup.c:20
	libiberty/lrealpath.c:88
	libiberty/lrealpath.c:99
	libiberty/lrealpath.c:124
	libiberty/lrealpath.c:143
	libiberty/lrealpath.c:150
	libiberty/lrealpath.c:156
	src/lex.l:19
autoscan: warning: missing AC_CHECK_FUNCS([strerror]) wanted by: 
	libiberty/xstrerror.c:27
	libiberty/xstrerror.c:40
	libiberty/xstrerror.c:69
	libiberty/strerror.c:626
	libiberty/strerror.c:785
	libiberty/strerror.c:801
	libiberty/make-temp-file.c:199
autoscan: warning: missing AC_CHECK_FUNCS([strncasecmp]) wanted by: 
	libiberty/pex-win32.c:228
	libiberty/strncasecmp.c:71
autoscan: warning: missing AC_CHECK_FUNCS([strndup]) wanted by: 
	libiberty/strndup.c:41
autoscan: warning: missing AC_CHECK_FUNCS([strpbrk]) wanted by: 
	libiberty/cplus-dem.c:2854
	libiberty/cplus-dem.c:2874
	libiberty/cplus-dem.c:2909
autoscan: warning: missing AC_CHECK_FUNCS([strrchr]) wanted by: 
	libiberty/rindex.c:15
	libiberty/rindex.c:20
	libiberty/strrchr.c:19
	libiberty/pex-win32.c:688
autoscan: warning: missing AC_CHECK_FUNCS([strspn]) wanted by: 
	libiberty/cplus-dem.c:2651
	libiberty/testsuite/test-demangle.c:276
autoscan: warning: missing AC_CHECK_FUNCS([strstr]) wanted by: 
	libiberty/cplus-dem.c:928
	libiberty/cplus-dem.c:2148
	libiberty/cplus-dem.c:2163
	libiberty/cplus-dem.c:2164
	libiberty/cplus-dem.c:2165
	libiberty/cplus-dem.c:2178
	libiberty/cplus-dem.c:2495
	libiberty/cplus-dem.c:2727
	libiberty/strstr.c:30
	src/vec.c:353
autoscan: warning: missing AC_CHECK_FUNCS([strtol]) wanted by: 
	libiberty/strtol.c:88
autoscan: warning: missing AC_CHECK_FUNCS([strtoul]) wanted by: 
	libiberty/vasprintf.c:36
	libiberty/vasprintf.c:90
	libiberty/vasprintf.c:100
	libiberty/strtoul.c:61
autoscan: warning: missing AC_CHECK_FUNCS([strverscmp]) wanted by: 
	libiberty/strverscmp.c:90
	include/libiberty.h:620
autoscan: warning: missing AC_CHECK_HEADERS([fcntl.h]) wanted by: 
	libiberty/mkstemps.c:32
	libiberty/pex-win32.c:42
	libiberty/pex-unix.c:46
	libiberty/pex-djgpp.c:33
autoscan: warning: missing AC_CHECK_HEADERS([float.h]) wanted by: 
	libiberty/floatformat.c:36
autoscan: warning: missing AC_CHECK_HEADERS([langinfo.h]) wanted by: 
	libiberty/regex.c:91
autoscan: warning: missing AC_CHECK_HEADERS([libintl.h]) wanted by: 
	libiberty/obstack.c:407
	libiberty/getopt.c:87
	libiberty/regex.c:97
autoscan: warning: missing AC_CHECK_HEADERS([limits.h]) wanted by: 
	libiberty/strtol.c:54
	libiberty/sort.c:28
	libiberty/fibheap.c:26
	libiberty/regex.c:185
	libiberty/strtoul.c:35
	libiberty/hashtab.c:51
	libiberty/lrealpath.c:41
	libiberty/getpwd.c:39
	libiberty/random.c:60
autoscan: warning: missing AC_CHECK_HEADERS([malloc.h]) wanted by: 
	libiberty/hashtab.c:48
autoscan: warning: missing AC_CHECK_HEADERS([stddef.h]) wanted by: 
	libiberty/stpncpy.c:35
	libiberty/calloc.c:16
	libiberty/strndup.c:34
	libiberty/memchr.c:18
	libiberty/strncmp.c:16
	libiberty/memmove.c:16
	libiberty/stpcpy.c:33
	libiberty/memcpy.c:16
	libiberty/xatexit.c:33
	libiberty/snprintf.c:45
	libiberty/strcasecmp.c:28
	libiberty/objalloc.c:34
	libiberty/argv.c:34
	libiberty/memcmp.c:19
	libiberty/bzero.c:15
	libiberty/xmalloc.c:71
	libiberty/sha1.c:30
	libiberty/bcmp.c:18
	libiberty/bcopy.c:12
	libiberty/strncasecmp.c:28
	libiberty/regex.c:48
	libiberty/strstr.c:23
	libiberty/mempcpy.c:33
	libiberty/strdup.c:13
	libiberty/random.c:61
	libiberty/memset.c:16
	src/common.h:4
	src/vec.h:24
	include/libiberty.h:45
autoscan: warning: missing AC_CHECK_HEADERS([stdint.h]) wanted by: 
	libiberty/hashtab.c:54
autoscan: warning: missing AC_CHECK_HEADERS([stdio_ext.h]) wanted by: 
	libiberty/fopen_unlocked.c:73
autoscan: warning: missing AC_CHECK_HEADERS([stdlib.h]) wanted by: 
	libiberty/splay-tree.c:32
	libiberty/getcwd.c:30
	libiberty/pexecute.c:29
	libiberty/obstack.c:85
	libiberty/putenv.c:45
	libiberty/cp-demangle.c:109
	libiberty/strerror.c:31
	libiberty/partition.c:27
	libiberty/xatexit.c:36
	libiberty/cplus-dem.c:53
	libiberty/mkstemps.c:25
	libiberty/make-relative-prefix.c:55
	libiberty/spaces.c:39
	libiberty/setenv.c:53
	libiberty/make-temp-file.c:31
	libiberty/vsnprintf.c:50
	libiberty/cp-demint.c:45
	libiberty/xexit.c:37
	libiberty/_doprnt.c:29
	libiberty/vasprintf.c:34
	libiberty/physmem.c:290
	libiberty/objalloc.c:29
	libiberty/objalloc.c:37
	libiberty/alloca.c:55
	libiberty/argv.c:36
	libiberty/sort.c:34
	libiberty/xmalloc.c:74
	libiberty/xmalloc.c:80
	libiberty/concat.c:65
	libiberty/choose-temp.c:26
	libiberty/pex-common.c:31
	libiberty/fibheap.c:29
	libiberty/pex-win32.c:27
	libiberty/getopt1.c:61
	libiberty/pex-msdos.c:33
	libiberty/getopt.c:72
	libiberty/getopt.c:217
	libiberty/regex.c:128
	libiberty/strsignal.c:27
	libiberty/strtoul.c:45
	libiberty/hashtab.c:42
	libiberty/lrealpath.c:44
	libiberty/getpwd.c:27
	libiberty/random.c:62
	libiberty/md5.c:31
	libiberty/dyn-string.c:42
	libiberty/pex-unix.c:34
	libiberty/pex-djgpp.c:30
	libiberty/testsuite/test-expandargv.c:38
	libiberty/testsuite/test-pexecute.c:35
	libiberty/testsuite/test-demangle.c:33
	src/main.c:2
autoscan: warning: missing AC_CHECK_HEADERS([string.h]) wanted by: 
	libiberty/getcwd.c:27
	libiberty/putenv.c:48
	libiberty/cp-demangle.c:112
	libiberty/strerror.c:37
	libiberty/partition.c:31
	libiberty/cplus-dem.c:49
	libiberty/mkstemps.c:28
	libiberty/make-relative-prefix.c:61
	libiberty/setenv.c:56
	libiberty/make-temp-file.c:34
	libiberty/vsnprintf.c:47
	libiberty/cp-demint.c:48
	libiberty/_doprnt.c:26
	libiberty/vasprintf.c:31
	libiberty/alloca.c:52
	libiberty/argv.c:35
	libiberty/floatformat.c:31
	libiberty/sort.c:37
	libiberty/concat.c:57
	libiberty/xstrdup.c:21
	libiberty/xmemdup.c:26
	libiberty/choose-temp.c:29
	libiberty/sha1.c:31
	libiberty/pex-common.c:34
	libiberty/fibheap.c:32
	libiberty/pex-win32.c:30
	libiberty/pex-msdos.c:30
	libiberty/getopt.c:79
	libiberty/getopt.c:201
	libiberty/getopt.c:206
	libiberty/regex.c:149
	libiberty/strsignal.c:33
	libiberty/xstrndup.c:38
	libiberty/hashtab.c:45
	libiberty/filename_cmp.c:24
	libiberty/lrealpath.c:50
	libiberty/md5.c:32
	libiberty/dyn-string.c:38
	libiberty/pex-unix.c:37
	libiberty/pex-djgpp.c:32
	libiberty/testsuite/test-expandargv.c:41
	libiberty/testsuite/test-pexecute.c:31
	libiberty/testsuite/test-demangle.c:30
autoscan: warning: missing AC_CHECK_HEADERS([strings.h]) wanted by: 
	libiberty/concat.c:60
	libiberty/xstrdup.c:24
	libiberty/xmemdup.c:29
	libiberty/getopt.c:209
	libiberty/regex.c:158
	libiberty/xstrndup.c:41
autoscan: warning: missing AC_CHECK_HEADERS([sys/file.h]) wanted by: 
	libiberty/make-temp-file.c:37
autoscan: warning: missing AC_CHECK_HEADERS([sys/param.h]) wanted by: 
	libiberty/getcwd.c:23
	libiberty/strtol.c:57
	libiberty/getpagesize.c:29
	libiberty/getruntime.c:52
	libiberty/physmem.c:48
	libiberty/clock.c:46
	libiberty/sort.c:31
	libiberty/strtoul.c:38
	libiberty/getpwd.c:33
autoscan: warning: missing AC_CHECK_HEADERS([sys/time.h]) wanted by: 
	libiberty/mkstemps.c:37
	libiberty/getruntime.c:34
	libiberty/getruntime.c:38
	libiberty/gettimeofday.c:7
	libiberty/clock.c:40
	libiberty/pex-unix.c:52
	libiberty/testsuite/test-pexecute.c:44
autoscan: warning: missing AC_CHECK_HEADERS([unistd.h]) wanted by: 
	libiberty/getpagesize.c:34
	libiberty/mkstemps.c:34
	libiberty/make-relative-prefix.c:58
	libiberty/setenv.c:59
	libiberty/getruntime.c:58
	libiberty/make-temp-file.c:28
	libiberty/unlink-if-ordinary.c:45
	libiberty/physmem.c:25
	libiberty/clock.c:52
	libiberty/xmalloc.c:81
	libiberty/pex-common.c:37
	libiberty/pex-win32.c:33
	libiberty/getopt.c:73
	libiberty/rename.c:21
	libiberty/lrealpath.c:47
	libiberty/getpwd.c:30
	libiberty/pex-unix.c:40
	libiberty/pex-djgpp.c:34
	libiberty/testsuite/test-pexecute.c:38
autoscan: warning: missing AC_CHECK_HEADERS([wchar.h]) wanted by: 
	libiberty/regex.c:60
autoscan: warning: missing AC_CHECK_HEADERS([wctype.h]) wanted by: 
	libiberty/regex.c:61
autoscan: warning: missing AC_CHECK_TYPES([ptrdiff_t]) wanted by: 
	libiberty/xmalloc.c:89
autoscan: warning: missing AC_C_CONST wanted by: 
	libiberty/stpncpy.c:37
	libiberty/stpncpy.c:38
	libiberty/stpncpy.c:41
	libiberty/strndup.c:36
	libiberty/strndup.c:38
	libiberty/strndup.c:41
	libiberty/pexecute.c:39
	libiberty/pexecute.c:39
	libiberty/pexecute.c:39
	libiberty/pexecute.c:40
	libiberty/pexecute.c:43
	libiberty/hex.c:75
	libiberty/strchr.c:19
	libiberty/memchr.c:21
	libiberty/memchr.c:23
	libiberty/memchr.c:23
	libiberty/index.c:15
	libiberty/index.c:18
	libiberty/strncmp.c:19
	libiberty/strncmp.c:19
	libiberty/putenv.c:70
	libiberty/putenv.c:72
	libiberty/putenv.c:72
	libiberty/memmove.c:18
	libiberty/memmove.c:21
	libiberty/vsprintf.c:37
	libiberty/stpcpy.c:35
	libiberty/stpcpy.c:36
	libiberty/stpcpy.c:39
	libiberty/stpcpy.c:41
	libiberty/memcpy.c:18
	libiberty/memcpy.c:21
	libiberty/cp-demangle.c:141
	libiberty/cp-demangle.c:165
	libiberty/cp-demangle.c:168
	libiberty/cp-demangle.c:172
	libiberty/cp-demangle.c:218
	libiberty/cp-demangle.c:223
	libiberty/cp-demangle.c:229
	libiberty/cp-demangle.c:246
	libiberty/cp-demangle.c:257
	libiberty/cp-demangle.c:320
	libiberty/cp-demangle.c:324
	libiberty/cp-demangle.c:328
	libiberty/cp-demangle.c:346
	libiberty/cp-demangle.c:423
	libiberty/cp-demangle.c:425
	libiberty/cp-demangle.c:439
	libiberty/cp-demangle.c:441
	libiberty/cp-demangle.c:446
	libiberty/cp-demangle.c:449
	libiberty/cp-demangle.c:455
	libiberty/cp-demangle.c:459
	libiberty/cp-demangle.c:464
	libiberty/cp-demangle.c:468
	libiberty/cp-demangle.c:471
	libiberty/cp-demangle.c:473
	libiberty/cp-demangle.c:475
	libiberty/cp-demangle.c:687
	libiberty/cp-demangle.c:864
	libiberty/cp-demangle.c:878
	libiberty/cp-demangle.c:896
	libiberty/cp-demangle.c:986
	libiberty/cp-demangle.c:1406
	libiberty/cp-demangle.c:1429
	libiberty/cp-demangle.c:1452
	libiberty/cp-demangle.c:1535
	libiberty/cp-demangle.c:1573
	libiberty/cp-demangle.c:1892
	libiberty/cp-demangle.c:2333
	libiberty/cp-demangle.c:2731
	libiberty/cp-demangle.c:2863
	libiberty/cp-demangle.c:2934
	libiberty/cp-demangle.c:2935
	libiberty/cp-demangle.c:2953
	libiberty/cp-demangle.c:3028
	libiberty/cp-demangle.c:3047
	libiberty/cp-demangle.c:3109
	libiberty/cp-demangle.c:3118
	libiberty/cp-demangle.c:3141
	libiberty/cp-demangle.c:3165
	libiberty/cp-demangle.c:3214
	libiberty/cp-demangle.c:3231
	libiberty/cp-demangle.c:3274
	libiberty/cp-demangle.c:3291
	libiberty/cp-demangle.c:3308
	libiberty/cp-demangle.c:4069
	libiberty/cp-demangle.c:4071
	libiberty/cp-demangle.c:4072
	libiberty/cp-demangle.c:4083
	libiberty/cp-demangle.c:4197
	libiberty/cp-demangle.c:4255
	libiberty/cp-demangle.c:4341
	libiberty/cp-demangle.c:4395
	libiberty/cp-demangle.c:4408
	libiberty/cp-demangle.c:4452
	libiberty/cp-demangle.c:4484
	libiberty/cp-demangle.c:4499
	libiberty/cp-demangle.c:4562
	libiberty/cp-demangle.c:4584
	libiberty/cp-demangle.c:4613
	libiberty/cp-demangle.c:4673
	libiberty/cp-demangle.c:4675
	libiberty/cp-demangle.c:4698
	libiberty/cp-demangle.c:4699
	libiberty/cp-demangle.c:4722
	libiberty/cp-demangle.c:4730
	libiberty/cp-demangle.c:4743
	libiberty/cp-demangle.c:4751
	libiberty/cp-demangle.c:4768
	libiberty/cp-demangle.c:4838
	libiberty/cp-demangle.c:4853
	libiberty/cp-demangle.c:4882
	libiberty/cp-demangle.c:4900
	libiberty/strerror.c:61
	libiberty/strerror.c:62
	libiberty/strerror.c:62
	libiberty/strerror.c:64
	libiberty/strerror.c:64
	libiberty/strerror.c:74
	libiberty/strerror.c:445
	libiberty/strerror.c:452
	libiberty/strerror.c:468
	libiberty/strerror.c:508
	libiberty/strerror.c:531
	libiberty/strerror.c:549
	libiberty/strerror.c:628
	libiberty/strerror.c:691
	libiberty/strerror.c:694
	libiberty/strerror.c:716
	libiberty/strerror.c:739
	libiberty/strerror.c:783
	libiberty/strerror.c:784
	libiberty/strtol.c:88
	libiberty/strtol.c:90
	libiberty/partition.c:37
	libiberty/partition.c:37
	libiberty/partition.c:124
	libiberty/partition.c:124
	libiberty/partition.c:126
	libiberty/partition.c:127
	libiberty/asprintf.c:47
	libiberty/asprintf.c:52
	libiberty/getpagesize.c:77
	libiberty/vprintf.c:23
	libiberty/cplus-dem.c:65
	libiberty/cplus-dem.c:147
	libiberty/cplus-dem.c:149
	libiberty/cplus-dem.c:149
	libiberty/cplus-dem.c:150
	libiberty/cplus-dem.c:150
	libiberty/cplus-dem.c:151
	libiberty/cplus-dem.c:248
	libiberty/cplus-dem.c:341
	libiberty/cplus-dem.c:345
	libiberty/cplus-dem.c:349
	libiberty/cplus-dem.c:352
	libiberty/cplus-dem.c:356
	libiberty/cplus-dem.c:356
	libiberty/cplus-dem.c:357
	libiberty/cplus-dem.c:360
	libiberty/cplus-dem.c:363
	libiberty/cplus-dem.c:366
	libiberty/cplus-dem.c:368
	libiberty/cplus-dem.c:370
	libiberty/cplus-dem.c:372
	libiberty/cplus-dem.c:374
	libiberty/cplus-dem.c:376
	libiberty/cplus-dem.c:391
	libiberty/cplus-dem.c:395
	libiberty/cplus-dem.c:397
	libiberty/cplus-dem.c:399
	libiberty/cplus-dem.c:403
	libiberty/cplus-dem.c:405
	libiberty/cplus-dem.c:407
	libiberty/cplus-dem.c:409
	libiberty/cplus-dem.c:411
	libiberty/cplus-dem.c:413
	libiberty/cplus-dem.c:415
	libiberty/cplus-dem.c:418
	libiberty/cplus-dem.c:419
	libiberty/cplus-dem.c:423
	libiberty/cplus-dem.c:423
	libiberty/cplus-dem.c:425
	libiberty/cplus-dem.c:427
	libiberty/cplus-dem.c:431
	libiberty/cplus-dem.c:440
	libiberty/cplus-dem.c:444
	libiberty/cplus-dem.c:447
	libiberty/cplus-dem.c:449
	libiberty/cplus-dem.c:462
	libiberty/cplus-dem.c:464
	libiberty/cplus-dem.c:466
	libiberty/cplus-dem.c:470
	libiberty/cplus-dem.c:473
	libiberty/cplus-dem.c:476
	libiberty/cplus-dem.c:479
	libiberty/cplus-dem.c:492
	libiberty/cplus-dem.c:531
	libiberty/cplus-dem.c:588
	libiberty/cplus-dem.c:629
	libiberty/cplus-dem.c:636
	libiberty/cplus-dem.c:641
	libiberty/cplus-dem.c:768
	libiberty/cplus-dem.c:769
	libiberty/cplus-dem.c:791
	libiberty/cplus-dem.c:806
	libiberty/cplus-dem.c:808
	libiberty/cplus-dem.c:846
	libiberty/cplus-dem.c:908
	libiberty/cplus-dem.c:912
	libiberty/cplus-dem.c:1011
	libiberty/cplus-dem.c:1256
	libiberty/cplus-dem.c:1262
	libiberty/cplus-dem.c:1546
	libiberty/cplus-dem.c:1568
	libiberty/cplus-dem.c:1629
	libiberty/cplus-dem.c:1687
	libiberty/cplus-dem.c:1783
	libiberty/cplus-dem.c:1823
	libiberty/cplus-dem.c:1932
	libiberty/cplus-dem.c:2122
	libiberty/cplus-dem.c:2143
	libiberty/cplus-dem.c:2144
	libiberty/cplus-dem.c:2144
	libiberty/cplus-dem.c:2197
	libiberty/cplus-dem.c:2200
	libiberty/cplus-dem.c:2201
	libiberty/cplus-dem.c:2202
	libiberty/cplus-dem.c:2331
	libiberty/cplus-dem.c:2375
	libiberty/cplus-dem.c:2429
	libiberty/cplus-dem.c:2481
	libiberty/cplus-dem.c:2482
	libiberty/cplus-dem.c:2484
	libiberty/cplus-dem.c:2580
	libiberty/cplus-dem.c:2584
	libiberty/cplus-dem.c:2789
	libiberty/cplus-dem.c:2793
	libiberty/cplus-dem.c:2990
	libiberty/cplus-dem.c:3039
	libiberty/cplus-dem.c:3043
	libiberty/cplus-dem.c:3122
	libiberty/cplus-dem.c:3345
	libiberty/cplus-dem.c:3347
	libiberty/cplus-dem.c:3381
	libiberty/cplus-dem.c:3387
	libiberty/cplus-dem.c:3691
	libiberty/cplus-dem.c:3891
	libiberty/cplus-dem.c:3945
	libiberty/cplus-dem.c:3989
	libiberty/cplus-dem.c:4018
	libiberty/cplus-dem.c:4022
	libiberty/cplus-dem.c:4081
	libiberty/cplus-dem.c:4111
	libiberty/cplus-dem.c:4166
	libiberty/cplus-dem.c:4264
	libiberty/cplus-dem.c:4271
	libiberty/cplus-dem.c:4387
	libiberty/cplus-dem.c:4426
	libiberty/cplus-dem.c:4427
	libiberty/cplus-dem.c:4431
	libiberty/cplus-dem.c:4648
	libiberty/cplus-dem.c:4674
	libiberty/cplus-dem.c:4685
	libiberty/cplus-dem.c:4703
	libiberty/snprintf.c:47
	libiberty/snprintf.c:50
	libiberty/snprintf.c:56
	libiberty/strcasecmp.c:36
	libiberty/strcasecmp.c:72
	libiberty/strcasecmp.c:72
	libiberty/mkstemps.c:80
	libiberty/make-relative-prefix.c:98
	libiberty/make-relative-prefix.c:99
	libiberty/make-relative-prefix.c:103
	libiberty/make-relative-prefix.c:115
	libiberty/make-relative-prefix.c:119
	libiberty/make-relative-prefix.c:224
	libiberty/make-relative-prefix.c:224
	libiberty/make-relative-prefix.c:225
	libiberty/make-relative-prefix.c:225
	libiberty/make-relative-prefix.c:394
	libiberty/make-relative-prefix.c:394
	libiberty/make-relative-prefix.c:395
	libiberty/make-relative-prefix.c:406
	libiberty/make-relative-prefix.c:407
	libiberty/make-relative-prefix.c:408
	libiberty/spaces.c:47
	libiberty/spaces.c:70
	libiberty/setenv.c:83
	libiberty/setenv.c:83
	libiberty/setenv.c:87
	libiberty/setenv.c:88
	libiberty/setenv.c:164
	libiberty/setenv.c:166
	libiberty/rindex.c:15
	libiberty/rindex.c:18
	libiberty/safe-ctype.c:159
	libiberty/safe-ctype.c:191
	libiberty/safe-ctype.c:220
	libiberty/getruntime.c:109
	libiberty/make-temp-file.c:70
	libiberty/make-temp-file.c:70
	libiberty/make-temp-file.c:70
	libiberty/make-temp-file.c:72
	libiberty/make-temp-file.c:73
	libiberty/make-temp-file.c:73
	libiberty/make-temp-file.c:83
	libiberty/make-temp-file.c:84
	libiberty/make-temp-file.c:86
	libiberty/make-temp-file.c:110
	libiberty/make-temp-file.c:174
	libiberty/make-temp-file.c:176
	libiberty/vsnprintf.c:57
	libiberty/vsnprintf.c:92
	libiberty/vsnprintf.c:98
	libiberty/unlink-if-ordinary.c:63
	libiberty/cp-demint.c:133
	libiberty/cp-demint.c:158
	libiberty/cp-demint.c:183
	libiberty/_doprnt.c:44
	libiberty/_doprnt.c:78
	libiberty/_doprnt.c:80
	libiberty/_doprnt.c:219
	libiberty/_doprnt.c:222
	libiberty/vasprintf.c:61
	libiberty/vasprintf.c:64
	libiberty/vasprintf.c:66
	libiberty/vasprintf.c:152
	libiberty/vasprintf.c:164
	libiberty/vasprintf.c:168
	libiberty/lbasename.c:48
	libiberty/lbasename.c:49
	libiberty/lbasename.c:51
	libiberty/alloca.c:63
	libiberty/strverscmp.c:90
	libiberty/strverscmp.c:90
	libiberty/strverscmp.c:92
	libiberty/strverscmp.c:92
	libiberty/strverscmp.c:93
	libiberty/strverscmp.c:93
	libiberty/strverscmp.c:100
	libiberty/strverscmp.c:109
	libiberty/strtod.c:43
	libiberty/argv.c:162
	libiberty/argv.c:313
	libiberty/argv.c:381
	libiberty/argv.c:468
	libiberty/argv.c:468
	libiberty/argv.c:489
	libiberty/argv.c:489
	libiberty/strrchr.c:19
	libiberty/memcmp.c:22
	libiberty/memcmp.c:22
	libiberty/memcmp.c:24
	libiberty/memcmp.c:24
	libiberty/memcmp.c:25
	libiberty/memcmp.c:25
	libiberty/floatformat.c:59
	libiberty/floatformat.c:59
	libiberty/floatformat.c:60
	libiberty/floatformat.c:65
	libiberty/floatformat.c:66
	libiberty/floatformat.c:69
	libiberty/floatformat.c:70
	libiberty/floatformat.c:81
	libiberty/floatformat.c:89
	libiberty/floatformat.c:97
	libiberty/floatformat.c:105
	libiberty/floatformat.c:117
	libiberty/floatformat.c:128
	libiberty/floatformat.c:136
	libiberty/floatformat.c:144
	libiberty/floatformat.c:153
	libiberty/floatformat.c:154
	libiberty/floatformat.c:157
	libiberty/floatformat.c:157
	libiberty/floatformat.c:164
	libiberty/floatformat.c:164
	libiberty/floatformat.c:177
	libiberty/floatformat.c:185
	libiberty/floatformat.c:194
	libiberty/floatformat.c:203
	libiberty/floatformat.c:211
	libiberty/floatformat.c:221
	libiberty/floatformat.c:230
	libiberty/floatformat.c:239
	libiberty/floatformat.c:247
	libiberty/floatformat.c:255
	libiberty/floatformat.c:263
	libiberty/floatformat.c:273
	libiberty/floatformat.c:274
	libiberty/floatformat.c:276
	libiberty/floatformat.c:276
	libiberty/floatformat.c:277
	libiberty/floatformat.c:358
	libiberty/floatformat.c:375
	libiberty/floatformat.c:375
	libiberty/floatformat.c:399
	libiberty/floatformat.c:441
	libiberty/floatformat.c:442
	libiberty/floatformat.c:444
	libiberty/floatformat.c:444
	libiberty/floatformat.c:588
	libiberty/floatformat.c:589
	libiberty/floatformat.c:688
	libiberty/floatformat.c:688
	libiberty/fnmatch.c:41
	libiberty/fnmatch.c:68
	libiberty/fnmatch.c:68
	libiberty/fnmatch.c:70
	libiberty/xmalloc.c:97
	libiberty/xmalloc.c:106
	libiberty/basename.c:43
	libiberty/basename.c:45
	libiberty/concat.c:68
	libiberty/concat.c:70
	libiberty/concat.c:73
	libiberty/concat.c:75
	libiberty/concat.c:82
	libiberty/concat.c:85
	libiberty/concat.c:87
	libiberty/concat.c:101
	libiberty/concat.c:106
	libiberty/concat.c:116
	libiberty/concat.c:122
	libiberty/concat.c:141
	libiberty/concat.c:144
	libiberty/concat.c:152
	libiberty/concat.c:158
	libiberty/concat.c:164
	libiberty/concat.c:189
	libiberty/concat.c:196
	libiberty/concat.c:203
	libiberty/xstrdup.c:31
	libiberty/xmemdup.c:34
	libiberty/cp-demangle.h:39
	libiberty/cp-demangle.h:41
	libiberty/cp-demangle.h:79
	libiberty/cp-demangle.h:83
	libiberty/cp-demangle.h:95
	libiberty/cp-demangle.h:97
	libiberty/cp-demangle.h:101
	libiberty/cp-demangle.h:147
	libiberty/cp-demangle.h:153
	libiberty/cp-demangle.h:165
	libiberty/choose-temp.c:59
	libiberty/sha1.c:51
	libiberty/sha1.c:76
	libiberty/sha1.c:187
	libiberty/sha1.c:202
	libiberty/sha1.c:225
	libiberty/sha1.c:239
	libiberty/sha1.c:246
	libiberty/sha1.c:287
	libiberty/sha1.c:289
	libiberty/sha1.c:289
	libiberty/sha1.c:291
	libiberty/bcmp.c:20
	libiberty/bcmp.c:20
	libiberty/bcmp.c:23
	libiberty/bcmp.c:23
	libiberty/bcopy.c:15
	libiberty/bcopy.c:19
	libiberty/bcopy.c:19
	libiberty/bcopy.c:26
	libiberty/bcopy.c:26
	libiberty/pex-common.c:46
	libiberty/pex-common.c:47
	libiberty/pex-common.c:53
	libiberty/pex-common.c:53
	libiberty/pex-common.c:54
	libiberty/pex-common.c:84
	libiberty/pex-common.c:151
	libiberty/pex-common.c:152
	libiberty/pex-common.c:153
	libiberty/pex-common.c:153
	libiberty/pex-common.c:154
	libiberty/pex-common.c:154
	libiberty/pex-common.c:157
	libiberty/pex-common.c:367
	libiberty/pex-common.c:368
	libiberty/pex-common.c:369
	libiberty/pex-common.c:369
	libiberty/pex-common.c:369
	libiberty/pex-common.c:379
	libiberty/pex-common.c:465
	libiberty/pex-common.c:515
	libiberty/pex-common.c:548
	libiberty/pex-common.c:573
	libiberty/pex-common.c:607
	libiberty/vfprintf.c:12
	libiberty/pex-win32.c:64
	libiberty/pex-win32.c:80
	libiberty/pex-win32.c:81
	libiberty/pex-win32.c:82
	libiberty/pex-win32.c:83
	libiberty/pex-win32.c:83
	libiberty/pex-win32.c:85
	libiberty/pex-win32.c:88
	libiberty/pex-win32.c:95
	libiberty/pex-win32.c:111
	libiberty/pex-win32.c:111
	libiberty/pex-win32.c:119
	libiberty/pex-win32.c:128
	libiberty/pex-win32.c:148
	libiberty/pex-win32.c:152
	libiberty/pex-win32.c:153
	libiberty/pex-win32.c:164
	libiberty/pex-win32.c:183
	libiberty/pex-win32.c:184
	libiberty/pex-win32.c:286
	libiberty/pex-win32.c:287
	libiberty/pex-win32.c:328
	libiberty/pex-win32.c:330
	libiberty/pex-win32.c:340
	libiberty/pex-win32.c:403
	libiberty/pex-win32.c:403
	libiberty/pex-win32.c:417
	libiberty/pex-win32.c:422
	libiberty/pex-win32.c:423
	libiberty/pex-win32.c:423
	libiberty/pex-win32.c:424
	libiberty/pex-win32.c:502
	libiberty/pex-win32.c:502
	libiberty/pex-win32.c:504
	libiberty/pex-win32.c:505
	libiberty/pex-win32.c:509
	libiberty/pex-win32.c:510
	libiberty/pex-win32.c:541
	libiberty/pex-win32.c:543
	libiberty/pex-win32.c:544
	libiberty/pex-win32.c:641
	libiberty/pex-win32.c:641
	libiberty/pex-win32.c:642
	libiberty/pex-win32.c:669
	libiberty/pex-win32.c:681
	libiberty/pex-win32.c:684
	libiberty/pex-win32.c:702
	libiberty/pex-win32.c:734
	libiberty/pex-win32.c:734
	libiberty/pex-win32.c:735
	libiberty/pex-win32.c:738
	libiberty/pex-win32.c:846
	libiberty/pex-win32.c:916
	libiberty/getopt1.c:30
	libiberty/getopt1.c:69
	libiberty/getopt1.c:69
	libiberty/getopt1.c:70
	libiberty/getopt1.c:81
	libiberty/getopt1.c:81
	libiberty/getopt1.c:82
	libiberty/pex-msdos.c:49
	libiberty/pex-msdos.c:54
	libiberty/pex-msdos.c:55
	libiberty/pex-msdos.c:57
	libiberty/pex-msdos.c:58
	libiberty/pex-msdos.c:58
	libiberty/pex-msdos.c:60
	libiberty/pex-msdos.c:63
	libiberty/pex-msdos.c:68
	libiberty/pex-msdos.c:84
	libiberty/pex-msdos.c:84
	libiberty/pex-msdos.c:106
	libiberty/pex-msdos.c:156
	libiberty/pex-msdos.c:157
	libiberty/pex-msdos.c:157
	libiberty/pex-msdos.c:159
	libiberty/pex-msdos.c:288
	libiberty/strncasecmp.c:35
	libiberty/strncasecmp.c:71
	libiberty/strncasecmp.c:71
	libiberty/getopt.c:40
	libiberty/getopt.c:222
	libiberty/getopt.c:229
	libiberty/getopt.c:248
	libiberty/getopt.c:274
	libiberty/getopt.c:281
	libiberty/getopt.c:398
	libiberty/getopt.c:398
	libiberty/getopt.c:398
	libiberty/getopt.c:400
	libiberty/getopt.c:402
	libiberty/getopt.c:403
	libiberty/getopt.c:443
	libiberty/getopt.c:522
	libiberty/getopt.c:522
	libiberty/getopt.c:523
	libiberty/getopt.c:645
	libiberty/getopt.c:646
	libiberty/getopt.c:803
	libiberty/getopt.c:804
	libiberty/getopt.c:974
	libiberty/getopt.c:974
	libiberty/getopt.c:977
	libiberty/regex.c:408
	libiberty/regex.c:413
	libiberty/regex.c:414
	libiberty/regex.c:419
	libiberty/regex.c:420
	libiberty/regex.c:426
	libiberty/regex.c:432
	libiberty/regex.c:433
	libiberty/regex.c:441
	libiberty/regex.c:442
	libiberty/regex.c:1172
	libiberty/regex.c:1172
	libiberty/regex.c:1173
	libiberty/regex.c:1239
	libiberty/regex.c:1243
	libiberty/regex.c:1256
	libiberty/regex.c:1346
	libiberty/regex.c:1714
	libiberty/regex.c:1733
	libiberty/regex.c:1759
	libiberty/regex.c:1762
	libiberty/regex.c:1850
	libiberty/regex.c:1851
	libiberty/regex.c:1853
	libiberty/regex.c:1854
	libiberty/regex.c:1858
	libiberty/regex.c:1859
	libiberty/regex.c:1867
	libiberty/regex.c:1868
	libiberty/regex.c:2216
	libiberty/regex.c:2217
	libiberty/regex.c:2218
	libiberty/regex.c:2219
	libiberty/regex.c:2233
	libiberty/regex.c:2234
	libiberty/regex.c:2235
	libiberty/regex.c:2236
	libiberty/regex.c:2237
	libiberty/regex.c:2238
	libiberty/regex.c:2240
	libiberty/regex.c:2282
	libiberty/regex.c:2304
	libiberty/regex.c:2314
	libiberty/regex.c:2315
	libiberty/regex.c:2317
	libiberty/regex.c:2318
	libiberty/regex.c:2912
	libiberty/regex.c:2913
	libiberty/regex.c:2914
	libiberty/regex.c:2915
	libiberty/regex.c:2926
	libiberty/regex.c:2929
	libiberty/regex.c:2932
	libiberty/regex.c:2935
	libiberty/regex.c:2939
	libiberty/regex.c:2951
	libiberty/regex.c:2952
	libiberty/regex.c:2969
	libiberty/regex.c:2972
	libiberty/regex.c:3368
	libiberty/regex.c:3369
	libiberty/regex.c:3370
	libiberty/regex.c:3371
	libiberty/regex.c:3373
	libiberty/regex.c:3379
	libiberty/regex.c:3381
	libiberty/regex.c:3383
	libiberty/regex.c:3385
	libiberty/regex.c:3495
	libiberty/regex.c:3505
	libiberty/regex.c:3506
	libiberty/regex.c:3515
	libiberty/regex.c:3518
	libiberty/regex.c:3835
	libiberty/regex.c:4287
	libiberty/regex.c:4287
	libiberty/regex.c:4290
	libiberty/regex.c:4305
	libiberty/regex.c:4305
	libiberty/regex.c:4308
	libiberty/regex.c:4310
	libiberty/regex.c:4359
	libiberty/regex.c:4360
	libiberty/regex.c:4363
	libiberty/regex.c:4377
	libiberty/regex.c:4377
	libiberty/regex.c:4379
	libiberty/regex.c:4379
	libiberty/regex.c:4442
	libiberty/regex.c:4443
	libiberty/regex.c:4447
	libiberty/regex.c:4450
	libiberty/regex.c:4468
	libiberty/regex.c:4916
	libiberty/regex.c:4949
	libiberty/regex.c:4950
	libiberty/regex.c:5007
	libiberty/regex.c:5008
	libiberty/regex.c:5156
	libiberty/regex.c:5393
	libiberty/regex.c:5430
	libiberty/regex.c:5430
	libiberty/regex.c:5448
	libiberty/regex.c:5449
	libiberty/regex.c:5529
	libiberty/regex.c:5530
	libiberty/regex.c:5544
	libiberty/regex.c:5545
	libiberty/regex.c:5561
	libiberty/regex.c:5565
	libiberty/regex.c:5568
	libiberty/regex.c:5626
	libiberty/regex.c:5635
	libiberty/regex.c:5654
	libiberty/regex.c:5665
	libiberty/regex.c:5672
	libiberty/regex.c:5693
	libiberty/regex.c:5694
	libiberty/regex.c:5695
	libiberty/regex.c:5696
	libiberty/regex.c:5697
	libiberty/regex.c:5698
	libiberty/regex.c:5700
	libiberty/regex.c:6224
	libiberty/regex.c:6224
	libiberty/regex.c:6252
	libiberty/regex.c:6319
	libiberty/regex.c:6322
	libiberty/regex.c:6323
	libiberty/regex.c:6324
	libiberty/regex.c:6325
	libiberty/regex.c:6333
	libiberty/regex.c:6335
	libiberty/regex.c:6337
	libiberty/regex.c:6339
	libiberty/regex.c:6358
	libiberty/regex.c:6405
	libiberty/regex.c:6475
	libiberty/regex.c:6475
	libiberty/regex.c:6762
	libiberty/regex.c:7141
	libiberty/regex.c:7731
	libiberty/regex.c:7731
	libiberty/regex.c:7734
	libiberty/regex.c:7734
	libiberty/regex.c:7735
	libiberty/regex.c:7735
	libiberty/regex.c:7764
	libiberty/regex.c:7765
	libiberty/regex.c:7812
	libiberty/regex.c:7860
	libiberty/regex.c:7862
	libiberty/regex.c:7909
	libiberty/regex.c:8002
	libiberty/regex.c:8002
	libiberty/regex.c:8065
	libiberty/regex.c:8068
	libiberty/strsignal.c:65
	libiberty/strsignal.c:66
	libiberty/strsignal.c:66
	libiberty/strsignal.c:68
	libiberty/strsignal.c:68
	libiberty/strsignal.c:78
	libiberty/strsignal.c:228
	libiberty/strsignal.c:242
	libiberty/strsignal.c:253
	libiberty/strsignal.c:253
	libiberty/strsignal.c:289
	libiberty/strsignal.c:312
	libiberty/strsignal.c:330
	libiberty/strsignal.c:468
	libiberty/strsignal.c:471
	libiberty/strsignal.c:488
	libiberty/strsignal.c:512
	libiberty/strsignal.c:585
	libiberty/strsignal.c:586
	libiberty/strstr.c:25
	libiberty/strstr.c:26
	libiberty/strstr.c:26
	libiberty/strstr.c:27
	libiberty/strstr.c:30
	libiberty/strstr.c:30
	libiberty/strstr.c:32
	libiberty/strstr.c:33
	libiberty/mempcpy.c:35
	libiberty/mempcpy.c:38
	libiberty/strtoul.c:61
	libiberty/strtoul.c:63
	libiberty/xstrndup.c:48
	libiberty/bsearch.c:70
	libiberty/bsearch.c:70
	libiberty/bsearch.c:72
	libiberty/bsearch.c:72
	libiberty/bsearch.c:74
	libiberty/bsearch.c:74
	libiberty/bsearch.c:76
	libiberty/bsearch.c:84
	libiberty/pex-one.c:23
	libiberty/pex-one.c:24
	libiberty/pex-one.c:24
	libiberty/pex-one.c:25
	libiberty/pex-one.c:25
	libiberty/pex-one.c:25
	libiberty/pex-one.c:29
	libiberty/strdup.c:15
	libiberty/strdup.c:17
	libiberty/strdup.c:20
	libiberty/hashtab.c:71
	libiberty/hashtab.c:72
	libiberty/hashtab.c:72
	libiberty/hashtab.c:132
	libiberty/hashtab.c:197
	libiberty/hashtab.c:205
	libiberty/hashtab.c:205
	libiberty/hashtab.c:269
	libiberty/hashtab.c:278
	libiberty/hashtab.c:560
	libiberty/hashtab.c:594
	libiberty/hashtab.c:608
	libiberty/hashtab.c:676
	libiberty/hashtab.c:806
	libiberty/hashtab.c:808
	libiberty/hashtab.c:808
	libiberty/hashtab.c:896
	libiberty/hashtab.c:901
	libiberty/hashtab.c:901
	libiberty/filename_cmp.c:51
	libiberty/filename_cmp.c:51
	libiberty/rename.c:25
	libiberty/rename.c:25
	libiberty/lrealpath.c:56
	libiberty/lrealpath.c:76
	libiberty/lrealpath.c:85
	libiberty/md5.c:59
	libiberty/md5.c:82
	libiberty/md5.c:182
	libiberty/md5.c:198
	libiberty/md5.c:219
	libiberty/md5.c:219
	libiberty/md5.c:239
	libiberty/md5.c:245
	libiberty/md5.c:245
	libiberty/md5.c:271
	libiberty/md5.c:274
	libiberty/md5.c:274
	libiberty/md5.c:276
	libiberty/dyn-string.c:204
	libiberty/dyn-string.c:233
	libiberty/dyn-string.c:269
	libiberty/dyn-string.c:326
	libiberty/pex-common.h:59
	libiberty/pex-common.h:61
	libiberty/pex-common.h:92
	libiberty/pex-common.h:103
	libiberty/pex-common.h:106
	libiberty/pex-common.h:118
	libiberty/pex-common.h:118
	libiberty/pex-common.h:119
	libiberty/pex-common.h:121
	libiberty/pex-common.h:131
	libiberty/pex-common.h:150
	libiberty/pex-common.h:150
	libiberty/pex-common.h:151
	libiberty/pex-unix.c:268
	libiberty/pex-unix.c:268
	libiberty/pex-unix.c:270
	libiberty/pex-unix.c:271
	libiberty/pex-unix.c:272
	libiberty/pex-unix.c:273
	libiberty/pex-unix.c:273
	libiberty/pex-unix.c:275
	libiberty/pex-unix.c:278
	libiberty/pex-unix.c:286
	libiberty/pex-unix.c:302
	libiberty/pex-unix.c:302
	libiberty/pex-unix.c:310
	libiberty/pex-unix.c:319
	libiberty/pex-unix.c:339
	libiberty/pex-unix.c:340
	libiberty/pex-unix.c:359
	libiberty/pex-unix.c:360
	libiberty/pex-unix.c:360
	libiberty/pex-unix.c:362
	libiberty/pex-unix.c:478
	libiberty/fopen_unlocked.c:82
	libiberty/fopen_unlocked.c:105
	libiberty/fopen_unlocked.c:105
	libiberty/fopen_unlocked.c:107
	libiberty/fopen_unlocked.c:113
	libiberty/fopen_unlocked.c:115
	libiberty/fopen_unlocked.c:121
	libiberty/fopen_unlocked.c:121
	libiberty/fopen_unlocked.c:123
	libiberty/pex-djgpp.c:45
	libiberty/pex-djgpp.c:46
	libiberty/pex-djgpp.c:47
	libiberty/pex-djgpp.c:48
	libiberty/pex-djgpp.c:48
	libiberty/pex-djgpp.c:50
	libiberty/pex-djgpp.c:53
	libiberty/pex-djgpp.c:57
	libiberty/pex-djgpp.c:73
	libiberty/pex-djgpp.c:73
	libiberty/pex-djgpp.c:84
	libiberty/pex-djgpp.c:93
	libiberty/pex-djgpp.c:114
	libiberty/pex-djgpp.c:115
	libiberty/pex-djgpp.c:115
	libiberty/pex-djgpp.c:117
	libiberty/pex-djgpp.c:282
	libiberty/testsuite/test-expandargv.c:52
	libiberty/testsuite/test-expandargv.c:53
	libiberty/testsuite/test-expandargv.c:56
	libiberty/testsuite/test-expandargv.c:72
	libiberty/testsuite/test-expandargv.c:118
	libiberty/testsuite/test-expandargv.c:156
	libiberty/testsuite/test-expandargv.c:203
	libiberty/testsuite/test-pexecute.c:95
	libiberty/testsuite/test-pexecute.c:96
	libiberty/testsuite/test-pexecute.c:97
	libiberty/testsuite/test-pexecute.c:109
	libiberty/testsuite/test-pexecute.c:125
	libiberty/testsuite/test-pexecute.c:136
	libiberty/testsuite/test-pexecute.c:138
	libiberty/testsuite/test-pexecute.c:211
	libiberty/testsuite/test-pexecute.c:444
	libiberty/testsuite/test-demangle.c:101
	libiberty/testsuite/test-demangle.c:102
	libiberty/testsuite/test-demangle.c:136
	libiberty/testsuite/test-demangle.c:137
	libiberty/testsuite/test-demangle.c:138
	libiberty/testsuite/test-demangle.c:139
	libiberty/testsuite/test-demangle.c:197
	src/vec.c:38
	src/vec.c:39
	src/vec.c:52
	src/vec.c:54
	src/vec.c:54
	src/vec.c:55
	src/vec.c:59
	src/vec.c:59
	src/vec.c:61
	src/vec.c:61
	src/vec.c:61
	src/vec.c:62
	src/vec.c:62
	src/vec.c:62
	src/vec.c:77
	src/vec.c:79
	src/vec.c:79
	src/vec.c:79
	src/vec.c:85
	src/vec.c:85
	src/vec.c:87
	src/vec.c:87
	src/vec.c:87
	src/vec.c:94
	src/vec.c:94
	src/vec.c:120
	src/vec.c:120
	src/vec.c:165
	src/vec.c:287
	src/vec.c:287
	src/vec.c:288
	src/vec.c:288
	src/vec.c:298
	src/vec.c:298
	src/vec.c:300
	src/vec.c:300
	src/vec.c:301
	src/vec.c:301
	src/vec.c:302
	src/vec.c:302
	src/vec.c:303
	src/vec.c:303
	src/vec.c:351
	src/vec.c:352
	src/main.c:6
	src/yacc.y:3
	src/yacc.y:39
	src/vec.h:442
	src/vec.h:442
	src/vec.h:525
	src/vec.h:531
	src/vec.h:539
	src/vec.h:547
	src/vec.h:683
	src/vec.h:684
	src/vec.h:684
	src/vec.h:815
	src/vec.h:871
	src/vec.h:898
	src/vec.h:911
	src/vec.h:960
	src/vec.h:961
	src/vec.h:961
	src/vec.h:1073
	src/vec.h:1081
	src/vec.h:1176
	src/vec.h:1184
	include/libiberty.h:67
	include/libiberty.h:67
	include/libiberty.h:68
	include/libiberty.h:69
	include/libiberty.h:69
	include/libiberty.h:74
	include/libiberty.h:105
	include/libiberty.h:116
	include/libiberty.h:116
	include/libiberty.h:120
	include/libiberty.h:126
	include/libiberty.h:135
	include/libiberty.h:141
	include/libiberty.h:148
	include/libiberty.h:155
	include/libiberty.h:201
	include/libiberty.h:201
	include/libiberty.h:202
	include/libiberty.h:208
	include/libiberty.h:208
	include/libiberty.h:209
	include/libiberty.h:217
	include/libiberty.h:221
	include/libiberty.h:225
	include/libiberty.h:235
	include/libiberty.h:239
	include/libiberty.h:260
	include/libiberty.h:264
	include/libiberty.h:276
	include/libiberty.h:300
	include/libiberty.h:304
	include/libiberty.h:308
	include/libiberty.h:357
	include/libiberty.h:383
	include/libiberty.h:384
	include/libiberty.h:478
	include/libiberty.h:479
	include/libiberty.h:479
	include/libiberty.h:480
	include/libiberty.h:480
	include/libiberty.h:493
	include/libiberty.h:494
	include/libiberty.h:495
	include/libiberty.h:496
	include/libiberty.h:497
	include/libiberty.h:498
	include/libiberty.h:505
	include/libiberty.h:568
	include/libiberty.h:568
	include/libiberty.h:569
	include/libiberty.h:569
	include/libiberty.h:570
	include/libiberty.h:570
	include/libiberty.h:587
	include/libiberty.h:587
	include/libiberty.h:587
	include/libiberty.h:588
	include/libiberty.h:598
	include/libiberty.h:605
	include/libiberty.h:610
	include/libiberty.h:615
	include/libiberty.h:620
	include/libiberty.h:620
	include/libiberty.h:637
	include/libiberty.h:637
	include/libiberty.h:638
	include/libiberty.h:639
	include/libiberty.h:639
	include/libiberty.h:647
	include/hashtab.h:51
	include/hashtab.h:58
	include/hashtab.h:58
	include/hashtab.h:172
	include/hashtab.h:173
	include/hashtab.h:174
	include/hashtab.h:175
	include/hashtab.h:195
	include/hashtab.h:198
autoscan: warning: missing AC_C_INLINE wanted by: 
	libiberty/splay-tree.c:41
	libiberty/splay-tree.c:43
	libiberty/splay-tree.c:112
	libiberty/splay-tree.c:125
	libiberty/cp-demangle.c:418
	libiberty/cp-demangle.c:421
	libiberty/cp-demangle.c:430
	libiberty/cp-demangle.c:432
	libiberty/cp-demangle.c:434
	libiberty/cp-demangle.c:436
	libiberty/cp-demangle.c:438
	libiberty/cp-demangle.c:441
	libiberty/cp-demangle.c:443
	libiberty/cp-demangle.c:2994
	libiberty/cp-demangle.c:3026
	libiberty/cp-demangle.c:3074
	libiberty/cp-demangle.c:3080
	libiberty/cp-demangle.c:3088
	libiberty/cp-demangle.c:3098
	libiberty/cp-demangle.c:3108
	libiberty/cp-demangle.c:3117
	libiberty/cp-demangle.c:3123
	libiberty/make-temp-file.c:70
	libiberty/make-temp-file.c:72
	libiberty/concat.c:68
	libiberty/concat.c:69
	libiberty/concat.c:81
	libiberty/fibheap.c:75
	libiberty/fibheap.c:85
	libiberty/hashtab.c:238
	libiberty/hashtab.c:266
	libiberty/hashtab.c:275
	libiberty/fopen_unlocked.c:81
	src/common.h:69
	src/common.h:77
	src/common.h:87
	src/common.h:100
	src/common.h:112
	src/common.h:119
	src/vec.c:164
	src/dominance.c:83
	src/dominance.c:375
	src/vec.h:494
	src/vec.h:510
	src/vec.h:525
	src/vec.h:530
	src/vec.h:538
	src/vec.h:546
	src/vec.h:561
	src/vec.h:567
	src/vec.h:574
	src/vec.h:581
	src/vec.h:593
	src/vec.h:603
	src/vec.h:611
	src/vec.h:623
	src/vec.h:637
	src/vec.h:651
	src/vec.h:665
	src/vec.h:676
	src/vec.h:682
	src/vec.h:709
	src/vec.h:716
	src/vec.h:724
	src/vec.h:740
	src/vec.h:752
	src/vec.h:765
	src/vec.h:777
	src/vec.h:786
	src/vec.h:794
	src/vec.h:815
	src/vec.h:820
	src/vec.h:827
	src/vec.h:835
	src/vec.h:850
	src/vec.h:856
	src/vec.h:863
	src/vec.h:870
	src/vec.h:883
	src/vec.h:889
	src/vec.h:897
	src/vec.h:910
	src/vec.h:925
	src/vec.h:935
	src/vec.h:942
	src/vec.h:953
	src/vec.h:959
	src/vec.h:986
	src/vec.h:995
	src/vec.h:1013
	src/vec.h:1021
	src/vec.h:1036
	src/vec.h:1051
	src/vec.h:1063
	src/vec.h:1072
	src/vec.h:1080
	src/vec.h:1091
	src/vec.h:1099
	src/vec.h:1117
	src/vec.h:1125
	src/vec.h:1140
	src/vec.h:1154
	src/vec.h:1166
	src/vec.h:1175
	src/vec.h:1183
autoscan: warning: missing AC_C_VOLATILE wanted by: 
	libiberty/pex-unix.c:368
	libiberty/pex-unix.c:369
autoscan: warning: missing AC_FUNC_ALLOCA wanted by: 
	libiberty/putenv.c:52
	libiberty/cp-demangle.c:116
	libiberty/regex.c:332
	libiberty/putenv.c:58
	libiberty/putenv.c:76
	libiberty/cp-demangle.c:122
	libiberty/cp-demangle.c:4526
	libiberty/cp-demangle.c:4527
	libiberty/cp-demangle.c:4789
	libiberty/cp-demangle.c:4790
	libiberty/make-relative-prefix.c:250
	libiberty/argv.c:176
	libiberty/pex-win32.c:576
	libiberty/regex.c:342
	libiberty/regex.c:5212
	libiberty/regex.c:5408
	libiberty/regex.c:5465
	include/libiberty.h:166
	include/libiberty.h:639
	include/libiberty.h:653
autoscan: warning: missing AC_FUNC_ERROR_AT_LINE wanted by: 
	libiberty/testsuite/test-pexecute.c:96
	libiberty/testsuite/test-pexecute.c:125
	src/dominance.c:645
	src/dominance.c:652
autoscan: warning: missing AC_FUNC_FORK wanted by: 
	libiberty/vfork.c:16
	libiberty/vfork.c:21
	libiberty/msdos.c:2
	libiberty/vfork.c:19
	libiberty/pex-unix.c:375
autoscan: warning: missing AC_FUNC_LSTAT wanted by: 
	libiberty/unlink-if-ordinary.c:67
autoscan: warning: missing AC_FUNC_LSTAT_FOLLOWS_SLASHED_SYMLINK wanted by: 
	libiberty/unlink-if-ordinary.c:67
autoscan: warning: missing AC_FUNC_MALLOC wanted by: 
	libiberty/calloc.c:19
	libiberty/calloc.c:30
	libiberty/strndup.c:37
	libiberty/strndup.c:49
	libiberty/getcwd.c:53
	libiberty/strerror.c:33
	libiberty/strerror.c:531
	libiberty/strerror.c:549
	libiberty/xatexit.c:40
	libiberty/xatexit.c:78
	libiberty/cplus-dem.c:55
	libiberty/make-relative-prefix.c:105
	libiberty/make-relative-prefix.c:143
	libiberty/make-relative-prefix.c:356
	libiberty/spaces.c:43
	libiberty/spaces.c:60
	libiberty/setenv.c:110
	libiberty/setenv.c:118
	libiberty/setenv.c:145
	libiberty/cp-demint.c:204
	libiberty/cp-demint.c:206
	libiberty/vasprintf.c:37
	libiberty/vasprintf.c:144
	libiberty/objalloc.c:40
	libiberty/objalloc.c:91
	libiberty/objalloc.c:95
	libiberty/objalloc.c:136
	libiberty/objalloc.c:152
	libiberty/argv.c:75
	libiberty/argv.c:83
	libiberty/argv.c:192
	libiberty/sort.c:142
	libiberty/xmalloc.c:86
	libiberty/xmalloc.c:147
	libiberty/xmalloc.c:177
	libiberty/getopt.c:337
	libiberty/getopt.c:448
	libiberty/regex.c:130
	libiberty/regex.c:4206
	libiberty/regex.c:7825
	libiberty/regex.c:7830
	libiberty/regex.c:7922
	libiberty/regex.c:7929
	libiberty/strsignal.c:29
	libiberty/strsignal.c:312
	libiberty/strsignal.c:330
	libiberty/strdup.c:16
	libiberty/strdup.c:23
	libiberty/lrealpath.c:120
	libiberty/dyn-string.c:66
	libiberty/dyn-string.c:90
	libiberty/testsuite/test-expandargv.c:171
autoscan: warning: missing AC_FUNC_MBRTOWC wanted by: 
	libiberty/regex.c:1274
autoscan: warning: missing AC_FUNC_MEMCMP wanted by: 
	libiberty/cp-demangle.c:1426
	libiberty/cplus-dem.c:674
	libiberty/cplus-dem.c:692
	libiberty/cplus-dem.c:710
	libiberty/cplus-dem.c:717
	libiberty/cplus-dem.c:734
	libiberty/cplus-dem.c:744
	libiberty/cplus-dem.c:779
	libiberty/cplus-dem.c:1654
	libiberty/cplus-dem.c:4482
	libiberty/cplus-dem.c:4488
	libiberty/cplus-dem.c:4504
	libiberty/cplus-dem.c:4514
	libiberty/cplus-dem.c:4551
	libiberty/cplus-dem.c:4568
	libiberty/vsnprintf.c:113
	libiberty/vsnprintf.c:117
	libiberty/vsnprintf.c:121
	libiberty/vsnprintf.c:125
	libiberty/vsnprintf.c:129
	libiberty/vsnprintf.c:133
	libiberty/vsnprintf.c:137
	libiberty/vsnprintf.c:141
	libiberty/memcmp.c:22
	libiberty/bcmp.c:20
	libiberty/bcmp.c:25
	libiberty/regex.c:2987
	libiberty/regex.c:3533
	libiberty/regex.c:6812
autoscan: warning: missing AC_FUNC_MMAP wanted by: 
	libiberty/testsuite/test-demangle.c:118
autoscan: warning: missing AC_FUNC_OBSTACK wanted by: 
	libiberty/obstack.c:95
	libiberty/obstack.c:142
	libiberty/obstack.c:186
	libiberty/obstack.c:238
	libiberty/obstack.c:301
	libiberty/obstack.c:304
	libiberty/obstack.c:330
	libiberty/obstack.c:362
	libiberty/obstack.c:392
	libiberty/obstack.c:433
	libiberty/obstack.c:433
	libiberty/obstack.c:435
	libiberty/obstack.c:438
	libiberty/obstack.c:438
	libiberty/obstack.c:440
	libiberty/obstack.c:443
	libiberty/obstack.c:443
	libiberty/obstack.c:445
	libiberty/obstack.c:448
	libiberty/obstack.c:448
	libiberty/obstack.c:450
	libiberty/obstack.c:453
	libiberty/obstack.c:453
	libiberty/obstack.c:455
	libiberty/obstack.c:458
	libiberty/obstack.c:458
	libiberty/obstack.c:460
	libiberty/obstack.c:463
	libiberty/obstack.c:463
	libiberty/obstack.c:465
	libiberty/obstack.c:468
	libiberty/obstack.c:468
	libiberty/obstack.c:470
	libiberty/obstack.c:473
	libiberty/obstack.c:473
	libiberty/obstack.c:475
	libiberty/obstack.c:478
	libiberty/obstack.c:478
	libiberty/obstack.c:480
	libiberty/obstack.c:483
	libiberty/obstack.c:483
	libiberty/obstack.c:485
	libiberty/obstack.c:488
	libiberty/obstack.c:488
	libiberty/obstack.c:490
	libiberty/obstack.c:493
	libiberty/obstack.c:493
	libiberty/obstack.c:495
	libiberty/obstack.c:498
	libiberty/obstack.c:498
	libiberty/obstack.c:500
	libiberty/obstack.c:503
	libiberty/obstack.c:503
	libiberty/obstack.c:505
autoscan: warning: missing AC_FUNC_REALLOC wanted by: 
	libiberty/cp-demangle.c:3010
	libiberty/cplus-dem.c:56
	libiberty/setenv.c:107
	libiberty/argv.c:197
	libiberty/xmalloc.c:87
	libiberty/xmalloc.c:179
	libiberty/regex.c:131
	libiberty/regex.c:4210
	libiberty/dyn-string.c:155
autoscan: warning: missing AC_FUNC_STAT wanted by: 
	libiberty/getpwd.c:81
	libiberty/getpwd.c:82
autoscan: warning: missing AC_FUNC_STRTOD wanted by: 
	libiberty/strtod.c:50
autoscan: warning: missing AC_FUNC_VPRINTF wanted by: 
	libiberty/vsprintf.c:50
	libiberty/_doprnt.c:78
	libiberty/_doprnt.c:228
	libiberty/vfprintf.c:14
	libiberty/vprintf.c:25
	libiberty/vfprintf.c:12
	libiberty/vprintf.c:23
	libiberty/vsprintf.c:37
	libiberty/vasprintf.c:146
autoscan: warning: missing AC_HEADER_STAT wanted by: 
	libiberty/unlink-if-ordinary.c:53
autoscan: warning: missing AC_HEADER_STDBOOL wanted by: 
	src/common.h:8
	src/common.h:112
	src/vec.c:165
	src/vec.c:211
	src/dominance.c:18
	src/dominance.c:19
	src/dominance.c:23
	src/dominance.c:155
	src/dominance.c:299
	src/dominance.c:586
	src/dominance.c:632
	src/dominance.c:706
	src/dominance.c:709
	src/dominance.c:855
	src/dominance.c:1095
	src/dominance.c:1118
	src/dominance.c:1122
	libiberty/regex.c:2507
	libiberty/regex.c:2634
	libiberty/regex.c:2856
	libiberty/regex.c:3015
	libiberty/regex.c:3080
	libiberty/regex.c:3092
	libiberty/regex.c:3097
	libiberty/regex.c:3309
	libiberty/regex.c:3443
	libiberty/regex.c:3576
	libiberty/regex.c:3586
	libiberty/regex.c:3591
	libiberty/regex.c:4337
	libiberty/regex.c:4577
	libiberty/regex.c:4802
	libiberty/regex.c:4844
	libiberty/regex.c:5652
	libiberty/regex.c:6687
	libiberty/regex.c:7443
	libiberty/regex.c:7550
	libiberty/regex.c:7580
	libiberty/regex.c:7595
	libiberty/regex.c:7599
	libiberty/regex.c:7630
	libiberty/regex.c:7682
	libiberty/regex.c:7691
	libiberty/regex.c:7706
	libiberty/regex.c:7711
	libiberty/regex.c:7719
	src/vec.c:248
	src/vec.c:269
	src/dominance.c:299
	src/dominance.c:632
	src/dominance.c:739
	src/dominance.c:1134
	src/dominance.c:1147
	libiberty/regex.c:2588
	libiberty/regex.c:2845
	libiberty/regex.c:3058
	libiberty/regex.c:3250
	libiberty/regex.c:3298
	libiberty/regex.c:3433
	libiberty/regex.c:4335
	libiberty/regex.c:4574
	libiberty/regex.c:4596
	libiberty/regex.c:4817
	libiberty/regex.c:5507
	libiberty/regex.c:5933
	libiberty/regex.c:6694
	libiberty/regex.c:7450
	libiberty/regex.c:7590
	libiberty/regex.c:7634
	libiberty/regex.c:7723
	src/vec.c:259
	src/vec.c:279
	src/dominance.c:299
	src/dominance.c:632
	src/dominance.c:728
	src/dominance.c:1122
autoscan: warning: missing AC_HEADER_STDC wanted by: 
	libiberty/floatformat.c:36
	libiberty/vsprintf.c:30
	libiberty/asprintf.c:28
	libiberty/vprintf.c:19
	libiberty/snprintf.c:44
	libiberty/vsnprintf.c:45
	libiberty/_doprnt.c:24
	libiberty/vasprintf.c:25
	libiberty/concat.c:54
	libiberty/vfprintf.c:7
	include/libiberty.h:47
	libiberty/stpncpy.c:35
	libiberty/calloc.c:16
	libiberty/strndup.c:34
	libiberty/memchr.c:18
	libiberty/strncmp.c:16
	libiberty/memmove.c:16
	libiberty/stpcpy.c:33
	libiberty/memcpy.c:16
	libiberty/xatexit.c:33
	libiberty/snprintf.c:45
	libiberty/strcasecmp.c:28
	libiberty/objalloc.c:34
	libiberty/argv.c:34
	libiberty/memcmp.c:19
	libiberty/bzero.c:15
	libiberty/xmalloc.c:71
	libiberty/sha1.c:30
	libiberty/bcmp.c:18
	libiberty/bcopy.c:12
	libiberty/strncasecmp.c:28
	libiberty/regex.c:48
	libiberty/strstr.c:23
	libiberty/mempcpy.c:33
	libiberty/strdup.c:13
	libiberty/random.c:61
	libiberty/memset.c:16
	src/common.h:4
	src/vec.h:24
	include/libiberty.h:45
	libiberty/splay-tree.c:32
	libiberty/getcwd.c:30
	libiberty/pexecute.c:29
	libiberty/obstack.c:85
	libiberty/putenv.c:45
	libiberty/cp-demangle.c:109
	libiberty/strerror.c:31
	libiberty/partition.c:27
	libiberty/xatexit.c:36
	libiberty/cplus-dem.c:53
	libiberty/mkstemps.c:25
	libiberty/make-relative-prefix.c:55
	libiberty/spaces.c:39
	libiberty/setenv.c:53
	libiberty/make-temp-file.c:31
	libiberty/vsnprintf.c:50
	libiberty/cp-demint.c:45
	libiberty/xexit.c:37
	libiberty/_doprnt.c:29
	libiberty/vasprintf.c:34
	libiberty/physmem.c:290
	libiberty/objalloc.c:29
	libiberty/objalloc.c:37
	libiberty/alloca.c:55
	libiberty/argv.c:36
	libiberty/sort.c:34
	libiberty/xmalloc.c:74
	libiberty/xmalloc.c:80
	libiberty/concat.c:65
	libiberty/choose-temp.c:26
	libiberty/pex-common.c:31
	libiberty/fibheap.c:29
	libiberty/pex-win32.c:27
	libiberty/getopt1.c:61
	libiberty/pex-msdos.c:33
	libiberty/getopt.c:72
	libiberty/getopt.c:217
	libiberty/regex.c:128
	libiberty/strsignal.c:27
	libiberty/strtoul.c:45
	libiberty/hashtab.c:42
	libiberty/lrealpath.c:44
	libiberty/getpwd.c:27
	libiberty/random.c:62
	libiberty/md5.c:31
	libiberty/dyn-string.c:42
	libiberty/pex-unix.c:34
	libiberty/pex-djgpp.c:30
	libiberty/testsuite/test-expandargv.c:38
	libiberty/testsuite/test-pexecute.c:35
	libiberty/testsuite/test-demangle.c:33
	src/main.c:2
	libiberty/getcwd.c:27
	libiberty/putenv.c:48
	libiberty/cp-demangle.c:112
	libiberty/strerror.c:37
	libiberty/partition.c:31
	libiberty/cplus-dem.c:49
	libiberty/mkstemps.c:28
	libiberty/make-relative-prefix.c:61
	libiberty/setenv.c:56
	libiberty/make-temp-file.c:34
	libiberty/vsnprintf.c:47
	libiberty/cp-demint.c:48
	libiberty/_doprnt.c:26
	libiberty/vasprintf.c:31
	libiberty/alloca.c:52
	libiberty/argv.c:35
	libiberty/floatformat.c:31
	libiberty/sort.c:37
	libiberty/concat.c:57
	libiberty/xstrdup.c:21
	libiberty/xmemdup.c:26
	libiberty/choose-temp.c:29
	libiberty/sha1.c:31
	libiberty/pex-common.c:34
	libiberty/fibheap.c:32
	libiberty/pex-win32.c:30
	libiberty/pex-msdos.c:30
	libiberty/getopt.c:79
	libiberty/getopt.c:201
	libiberty/getopt.c:206
	libiberty/regex.c:149
	libiberty/strsignal.c:33
	libiberty/xstrndup.c:38
	libiberty/hashtab.c:45
	libiberty/filename_cmp.c:24
	libiberty/lrealpath.c:50
	libiberty/md5.c:32
	libiberty/dyn-string.c:38
	libiberty/pex-unix.c:37
	libiberty/pex-djgpp.c:32
	libiberty/testsuite/test-expandargv.c:41
	libiberty/testsuite/test-pexecute.c:31
	libiberty/testsuite/test-demangle.c:30
	libiberty/bcmp.c:23
	libiberty/memmove.c:18
	libiberty/memmove.c:23
	libiberty/memcpy.c:18
	libiberty/memcpy.c:23
	libiberty/bcopy.c:15
	libiberty/calloc.c:20
	libiberty/calloc.c:31
	libiberty/bzero.c:20
	libiberty/regex.c:284
	libiberty/regex.c:3124
	libiberty/regex.c:4582
	libiberty/index.c:18
	libiberty/memchr.c:21
	libiberty/strndup.c:38
	libiberty/strndup.c:54
	libiberty/putenv.c:77
	libiberty/stpcpy.c:36
	libiberty/stpcpy.c:42
	libiberty/memcpy.c:21
	libiberty/cp-demangle.c:3039
	libiberty/cplus-dem.c:1101
	libiberty/cplus-dem.c:1112
	libiberty/cplus-dem.c:1123
	libiberty/cplus-dem.c:1134
	libiberty/cplus-dem.c:1145
	libiberty/cplus-dem.c:2026
	libiberty/cplus-dem.c:2054
	libiberty/cplus-dem.c:2100
	libiberty/cplus-dem.c:2997
	libiberty/cplus-dem.c:3968
	libiberty/cplus-dem.c:4103
	libiberty/cplus-dem.c:4130
	libiberty/cplus-dem.c:4172
	libiberty/cplus-dem.c:4655
	libiberty/cplus-dem.c:4668
	libiberty/cplus-dem.c:4679
	libiberty/cplus-dem.c:4714
	libiberty/make-relative-prefix.c:107
	libiberty/setenv.c:128
	libiberty/setenv.c:131
	libiberty/setenv.c:133
	libiberty/setenv.c:153
	libiberty/setenv.c:155
	libiberty/vsnprintf.c:74
	libiberty/vsnprintf.c:77
	libiberty/vasprintf.c:75
	libiberty/argv.c:446
	libiberty/concat.c:90
	libiberty/xstrdup.c:35
	libiberty/xmemdup.c:37
	libiberty/sha1.c:108
	libiberty/sha1.c:211
	libiberty/sha1.c:220
	libiberty/sha1.c:238
	libiberty/sha1.c:256
	libiberty/sha1.c:262
	libiberty/pex-common.c:561
	libiberty/pex-common.c:590
	libiberty/pex-win32.c:459
	libiberty/pex-win32.c:577
	libiberty/pex-win32.c:683
	libiberty/regex.c:343
	libiberty/regex.c:8091
	libiberty/regex.c:8096
	libiberty/mempcpy.c:35
	libiberty/mempcpy.c:40
	libiberty/xstrndup.c:59
	libiberty/strdup.c:17
	libiberty/strdup.c:26
	libiberty/md5.c:110
	libiberty/md5.c:207
	libiberty/md5.c:214
	libiberty/md5.c:237
	libiberty/md5.c:252
	libiberty/testsuite/test-expandargv.c:175
	libiberty/testsuite/test-demangle.c:126
	src/vec.h:735
	src/vec.h:1008
	src/vec.h:1112
	include/libiberty.h:640
	include/libiberty.h:654
	libiberty/memmove.c:21
	libiberty/argv.c:444
	src/vec.h:631
	src/vec.h:646
	src/vec.h:673
	src/vec.h:918
	src/vec.h:932
	src/vec.h:950
	libiberty/strerror.c:39
	libiberty/strerror.c:533
	libiberty/strerror.c:551
	libiberty/partition.c:150
	libiberty/cplus-dem.c:646
	libiberty/cplus-dem.c:854
	libiberty/cplus-dem.c:2502
	libiberty/bzero.c:17
	libiberty/bzero.c:22
	libiberty/floatformat.c:599
	libiberty/sort.c:100
	libiberty/pex-common.c:557
	libiberty/pex-common.c:585
	libiberty/fibheap.c:360
	libiberty/pex-win32.c:806
	libiberty/pex-win32.c:852
	libiberty/pex-msdos.c:296
	libiberty/getopt.c:342
	libiberty/getopt.c:452
	libiberty/regex.c:1265
	libiberty/regex.c:4530
	libiberty/strsignal.c:35
	libiberty/strsignal.c:314
	libiberty/strsignal.c:332
	libiberty/hashtab.c:443
	libiberty/pex-unix.c:127
	libiberty/pex-unix.c:219
	libiberty/memset.c:19
	libiberty/pex-djgpp.c:288
	libiberty/testsuite/test-pexecute.c:243
	src/vec.h:782
	src/vec.h:1068
	src/vec.h:1171
	libiberty/rindex.c:18
autoscan: warning: missing AC_HEADER_SYS_WAIT wanted by: 
	libiberty/pex-win32.c:36
	libiberty/pex-unix.c:49
	libiberty/waitpid.c:23
	libiberty/testsuite/test-pexecute.c:41
autoscan: warning: missing AC_HEADER_TIME wanted by: 
	libiberty/mkstemps.c:84
	libiberty/gettimeofday.c:22
	include/libiberty.h:190
	include/libiberty.h:191
autoscan: warning: missing AC_PROG_RANLIB wanted by: 
	libiberty/Makefile.in:59
	libiberty/Makefile.in:91
autoscan: warning: missing AC_REPLACE_FNMATCH wanted by: 
	libiberty/fnmatch.c:68
	libiberty/fnmatch.c:119
autoscan: warning: missing AC_STRUCT_TM wanted by: 
	libiberty/sha1.c:310
	libiberty/sha1.c:321
autoscan: warning: missing AC_TYPE_PID_T wanted by: 
	libiberty/pex-win32.c:82
	libiberty/pex-win32.c:87
	libiberty/pex-win32.c:540
	libiberty/pex-win32.c:615
	libiberty/pex-win32.c:624
	libiberty/pex-win32.c:634
	libiberty/pex-win32.c:640
	libiberty/pex-win32.c:647
	libiberty/pex-win32.c:647
	libiberty/pex-win32.c:732
	libiberty/pex-win32.c:741
	libiberty/pex-win32.c:816
	libiberty/pex-win32.c:819
	libiberty/pex-win32.c:844
	libiberty/pex-msdos.c:57
	libiberty/pex-msdos.c:62
	libiberty/pex-msdos.c:155
	libiberty/pex-msdos.c:238
	libiberty/pex-msdos.c:265
	libiberty/pex-msdos.c:278
	libiberty/pex-msdos.c:286
	libiberty/pex-common.h:31
	libiberty/pex-common.h:129
	libiberty/pex-unix.c:87
	libiberty/pex-unix.c:87
	libiberty/pex-unix.c:91
	libiberty/pex-unix.c:92
	libiberty/pex-unix.c:95
	libiberty/pex-unix.c:122
	libiberty/pex-unix.c:123
	libiberty/pex-unix.c:133
	libiberty/pex-unix.c:134
	libiberty/pex-unix.c:138
	libiberty/pex-unix.c:177
	libiberty/pex-unix.c:182
	libiberty/pex-unix.c:183
	libiberty/pex-unix.c:207
	libiberty/pex-unix.c:272
	libiberty/pex-unix.c:277
	libiberty/pex-unix.c:358
	libiberty/pex-unix.c:364
	libiberty/pex-unix.c:387
	libiberty/pex-unix.c:438
	libiberty/pex-unix.c:448
	libiberty/pex-unix.c:457
	libiberty/pex-unix.c:466
	libiberty/pex-unix.c:477
	libiberty/waitpid.c:26
	libiberty/waitpid.c:27
	libiberty/pex-djgpp.c:47
	libiberty/pex-djgpp.c:52
	libiberty/pex-djgpp.c:113
	libiberty/pex-djgpp.c:135
	libiberty/pex-djgpp.c:141
	libiberty/pex-djgpp.c:147
	libiberty/pex-djgpp.c:158
	libiberty/pex-djgpp.c:164
	libiberty/pex-djgpp.c:170
	libiberty/pex-djgpp.c:182
	libiberty/pex-djgpp.c:189
	libiberty/pex-djgpp.c:197
	libiberty/pex-djgpp.c:221
	libiberty/pex-djgpp.c:227
	libiberty/pex-djgpp.c:237
	libiberty/pex-djgpp.c:243
	libiberty/pex-djgpp.c:254
	libiberty/pex-djgpp.c:260
	libiberty/pex-djgpp.c:272
	libiberty/pex-djgpp.c:280
autoscan: warning: missing AC_TYPE_SIZE_T wanted by: 
	libiberty/stpncpy.c:37
	libiberty/stpncpy.c:38
	libiberty/stpncpy.c:41
	libiberty/stpncpy.c:43
	libiberty/calloc.c:19
	libiberty/calloc.c:20
	libiberty/calloc.c:23
	libiberty/calloc.c:23
	libiberty/strndup.c:36
	libiberty/strndup.c:37
	libiberty/strndup.c:38
	libiberty/strndup.c:41
	libiberty/strndup.c:44
	libiberty/getcwd.c:41
	libiberty/memchr.c:21
	libiberty/strncmp.c:19
	libiberty/memmove.c:18
	libiberty/memmove.c:21
	libiberty/stpcpy.c:35
	libiberty/stpcpy.c:36
	libiberty/stpcpy.c:41
	libiberty/memcpy.c:18
	libiberty/memcpy.c:21
	libiberty/cp-demangle.c:165
	libiberty/cp-demangle.c:172
	libiberty/cp-demangle.c:271
	libiberty/cp-demangle.c:273
	libiberty/cp-demangle.c:287
	libiberty/cp-demangle.c:416
	libiberty/cp-demangle.c:419
	libiberty/cp-demangle.c:423
	libiberty/cp-demangle.c:425
	libiberty/cp-demangle.c:439
	libiberty/cp-demangle.c:475
	libiberty/cp-demangle.c:2981
	libiberty/cp-demangle.c:2995
	libiberty/cp-demangle.c:2997
	libiberty/cp-demangle.c:3028
	libiberty/cp-demangle.c:3030
	libiberty/cp-demangle.c:3047
	libiberty/cp-demangle.c:3109
	libiberty/cp-demangle.c:3111
	libiberty/cp-demangle.c:3166
	libiberty/cp-demangle.c:3819
	libiberty/cp-demangle.c:4452
	libiberty/cp-demangle.c:4562
	libiberty/cp-demangle.c:4584
	libiberty/cp-demangle.c:4614
	libiberty/cp-demangle.c:4617
	libiberty/cp-demangle.c:4675
	libiberty/cp-demangle.c:4699
	libiberty/cp-demangle.c:4724
	libiberty/cp-demangle.c:4745
	libiberty/xatexit.c:40
	libiberty/cplus-dem.c:481
	libiberty/cplus-dem.c:481
	libiberty/cplus-dem.c:670
	libiberty/cplus-dem.c:688
	libiberty/cplus-dem.c:712
	libiberty/cplus-dem.c:729
	libiberty/cplus-dem.c:771
	libiberty/cplus-dem.c:888
	libiberty/cplus-dem.c:888
	libiberty/cplus-dem.c:915
	libiberty/cplus-dem.c:1642
	libiberty/cplus-dem.c:1643
	libiberty/cplus-dem.c:1651
	libiberty/cplus-dem.c:4429
	libiberty/snprintf.c:47
	libiberty/snprintf.c:50
	libiberty/snprintf.c:55
	libiberty/mkstemps.c:87
	libiberty/make-relative-prefix.c:246
	libiberty/spaces.c:43
	libiberty/setenv.c:86
	libiberty/setenv.c:87
	libiberty/setenv.c:88
	libiberty/setenv.c:141
	libiberty/setenv.c:166
	libiberty/vsnprintf.c:57
	libiberty/vsnprintf.c:92
	libiberty/vsnprintf.c:97
	libiberty/cp-demint.c:185
	libiberty/vasprintf.c:172
	libiberty/physmem.c:138
	libiberty/physmem.c:244
	libiberty/objalloc.c:40
	libiberty/alloca.c:162
	libiberty/argv.c:389
	libiberty/argv.c:397
	libiberty/argv.c:415
	libiberty/memcmp.c:22
	libiberty/bzero.c:17
	libiberty/bzero.c:20
	libiberty/sort.c:47
	libiberty/sort.c:62
	libiberty/sort.c:63
	libiberty/sort.c:74
	libiberty/sort.c:140
	libiberty/sort.c:149
	libiberty/xmalloc.c:86
	libiberty/xmalloc.c:87
	libiberty/xmalloc.c:88
	libiberty/xmalloc.c:88
	libiberty/xmalloc.c:117
	libiberty/xmalloc.c:121
	libiberty/xmalloc.c:141
	libiberty/xmalloc.c:155
	libiberty/xmalloc.c:155
	libiberty/xmalloc.c:170
	libiberty/xstrdup.c:33
	libiberty/xmemdup.c:34
	libiberty/xmemdup.c:34
	libiberty/cp-demangle.h:165
	libiberty/sha1.c:97
	libiberty/sha1.c:124
	libiberty/sha1.c:135
	libiberty/sha1.c:187
	libiberty/sha1.c:202
	libiberty/sha1.c:208
	libiberty/sha1.c:209
	libiberty/sha1.c:254
	libiberty/sha1.c:287
	libiberty/sha1.c:290
	libiberty/bcmp.c:20
	libiberty/bcmp.c:23
	libiberty/bcopy.c:15
	libiberty/pex-win32.c:289
	libiberty/pex-win32.c:290
	libiberty/pex-win32.c:344
	libiberty/pex-win32.c:421
	libiberty/pex-win32.c:425
	libiberty/pex-win32.c:443
	libiberty/strncasecmp.c:71
	libiberty/regex.c:408
	libiberty/regex.c:426
	libiberty/regex.c:1239
	libiberty/regex.c:1240
	libiberty/regex.c:1242
	libiberty/regex.c:1243
	libiberty/regex.c:1257
	libiberty/regex.c:1261
	libiberty/regex.c:1262
	libiberty/regex.c:2283
	libiberty/regex.c:2294
	libiberty/regex.c:3411
	libiberty/regex.c:3418
	libiberty/regex.c:5612
	libiberty/regex.c:6328
	libiberty/regex.c:7765
	libiberty/regex.c:8002
	libiberty/regex.c:8064
	libiberty/regex.c:8066
	libiberty/regex.c:8069
	libiberty/strstr.c:26
	libiberty/strstr.c:27
	libiberty/strstr.c:33
	libiberty/mempcpy.c:35
	libiberty/mempcpy.c:38
	libiberty/xstrndup.c:48
	libiberty/xstrndup.c:51
	libiberty/bsearch.c:71
	libiberty/bsearch.c:71
	libiberty/strdup.c:15
	libiberty/strdup.c:16
	libiberty/strdup.c:17
	libiberty/strdup.c:22
	libiberty/hashtab.c:220
	libiberty/hashtab.c:230
	libiberty/hashtab.c:288
	libiberty/hashtab.c:321
	libiberty/hashtab.c:372
	libiberty/hashtab.c:378
	libiberty/hashtab.c:389
	libiberty/hashtab.c:415
	libiberty/hashtab.c:459
	libiberty/hashtab.c:498
	libiberty/hashtab.c:563
	libiberty/hashtab.c:613
	libiberty/hashtab.c:897
	libiberty/hashtab.c:914
	libiberty/getpwd.c:74
	libiberty/md5.c:102
	libiberty/md5.c:133
	libiberty/md5.c:144
	libiberty/md5.c:182
	libiberty/md5.c:198
	libiberty/md5.c:204
	libiberty/md5.c:205
	libiberty/md5.c:271
	libiberty/md5.c:275
	libiberty/memset.c:19
	libiberty/testsuite/test-expandargv.c:55
	libiberty/testsuite/test-expandargv.c:131
	libiberty/testsuite/test-expandargv.c:148
	libiberty/testsuite/test-expandargv.c:160
	libiberty/testsuite/test-demangle.c:38
	libiberty/testsuite/test-demangle.c:53
	libiberty/testsuite/test-demangle.c:54
	libiberty/testsuite/test-demangle.c:105
	libiberty/testsuite/test-demangle.c:107
	src/vec.c:41
	src/vec.c:42
	src/vec.c:43
	src/vec.c:72
	src/vec.c:119
	src/vec.c:210
	src/vec.c:211
	src/vec.c:266
	src/vec.c:266
	src/vec.c:276
	src/vec.c:277
	src/vec.c:331
	src/vec.c:332
	src/dominance.c:861
	src/dominance.c:959
	src/dominance.c:961
	src/dominance.c:974
	src/vec.h:424
	src/vec.h:424
	src/vec.h:425
	src/vec.h:425
	src/vec.h:561
	src/vec.h:726
	src/vec.h:850
	src/vec.h:997
	src/vec.h:1101
	include/libiberty.h:279
	include/libiberty.h:285
	include/libiberty.h:291
	include/libiberty.h:296
	include/libiberty.h:296
	include/libiberty.h:304
	include/libiberty.h:308
	include/libiberty.h:308
	include/libiberty.h:610
	include/libiberty.h:615
	include/libiberty.h:631
	include/hashtab.h:74
	include/hashtab.h:74
	include/hashtab.h:81
	include/hashtab.h:81
	include/hashtab.h:114
	include/hashtab.h:117
	include/hashtab.h:120
	include/hashtab.h:151
	include/hashtab.h:155
	include/hashtab.h:161
	include/hashtab.h:162
	include/hashtab.h:184
	include/hashtab.h:185
	include/hashtab.h:198
